2015-05-14 09:10:12 INFO     Input  file is: batting.csv
2015-05-14 09:10:12 INFO     Output file is: battingTime.csv
2015-05-14 09:10:12 INFO     Grouping    is: 50
2015-05-14 09:13:33 INFO     Input  file is: batting.csv
2015-05-14 09:13:33 INFO     Output file is: battingTime.csv
2015-05-14 09:13:33 INFO     Grouping    is: 50
2015-05-14 09:14:55 INFO     Input  file is: smallfile.csv
2015-05-14 09:14:55 INFO     Output file is: smallfileTime.csv
2015-05-14 09:14:55 INFO     Grouping    is: 50
2015-05-14 09:15:26 INFO     Input  file is: smallfile.csv
2015-05-14 09:15:26 INFO     Output file is: smallfileTime.csv
2015-05-14 09:15:26 INFO     Grouping    is: 50
2015-05-14 09:17:45 INFO     Input  file is: smallfile.csv
2015-05-14 09:17:45 INFO     Output file is: smallfileTime.csv
2015-05-14 09:17:45 INFO     Grouping    is: 50
2015-05-14 09:17:45 INFO     Delimiter    is: |
2015-05-14 09:18:07 INFO     Input  file is: smallfile.csv
2015-05-14 09:18:07 INFO     Output file is: smallfileTime.csv
2015-05-14 09:18:07 INFO     Grouping    is: 50
2015-05-14 09:18:07 INFO     Delimiter    is: |
2015-05-14 09:18:12 INFO     Input  file is: smallfile.csv
2015-05-14 09:18:12 INFO     Output file is: smallfileTime.csv
2015-05-14 09:18:12 INFO     Grouping    is: 50
2015-05-14 09:18:12 INFO     Delimiter    is: |
2015-05-14 09:18:20 INFO     Input  file is: smallfile.csv
2015-05-14 09:18:20 INFO     Output file is: smallfileTime.csv
2015-05-14 09:18:20 INFO     Grouping    is: 50
2015-05-14 09:18:20 INFO     Delimiter    is: |
2015-05-14 09:19:24 INFO     Input  file is: smallfile.csv
2015-05-14 09:19:24 INFO     Output file is: smallfileTime.csv
2015-05-14 09:19:24 INFO     Grouping    is: 50
2015-05-14 09:19:24 INFO     Delimiter    is: |
